<?xml version="1.0" encoding="UTF-8"?>
<!-- Generated by org.testng.reporters.JUnitReportReporter -->
<testsuite name="com.selenium.Assignment.Assignment" tests="1" time="39.951" ignored="0" failures="0" timestamp="26 Feb 2019 19:26:33 GMT" skipped="0" hostname="Santosh" errors="0">
  <testcase name="launchUrl" time="39.951" classname="com.selenium.Assignment.Assignment"/>
</testsuite> <!-- com.selenium.Assignment.Assignment -->
