<?xml version="1.0" encoding="UTF-8"?>
<!-- Generated by org.testng.reporters.JUnitReportReporter -->
<testsuite name="com.sample.Maven.WikiScript" tests="1" time="111.056" ignored="0" failures="0" timestamp="28 Feb 2019 10:38:20 GMT" skipped="0" hostname="Santosh" errors="0">
  <testcase name="execute" time="111.056" classname="com.sample.Maven.WikiScript"/>
</testsuite> <!-- com.sample.Maven.WikiScript -->
